19.11.2019 12:59:51 Der Objektverweis wurde nicht auf eine Objektinstanz festgelegt.
19.11.2019 12:59:51    bei UPS.MainWindow.comboBoxTasks_SelectionChanged(Object sender, SelectionChangedEventArgs e) in C:\Users\A4938.PAD01\Documents\Visual Studio 2010\Projects\ProjectSuiteApp\UPS\MainWindow.xaml.cs:Zeile 380.
   bei System.Windows.RoutedEventArgs.InvokeHandler(Delegate handler, Object target)
   bei System.Windows.RoutedEventHandlerInfo.InvokeHandler(Object target, RoutedEventArgs routedEventArgs)
   bei System.Windows.EventRoute.InvokeHandlersImpl(Object source, RoutedEventArgs args, Boolean reRaised)
   bei System.Windows.UIElement.RaiseEventImpl(DependencyObject sender, RoutedEventArgs args)
   bei System.Windows.Controls.ComboBox.OnSelectionChanged(SelectionChangedEventArgs e)
   bei System.Windows.Controls.Primitives.Selector.SelectionChanger.End()
   bei System.Windows.Controls.Primitives.Selector.OnItemsChanged(NotifyCollectionChangedEventArgs e)
   bei System.Collections.Specialized.NotifyCollectionChangedEventHandler.Invoke(Object sender, NotifyCollectionChangedEventArgs e)
   bei System.Windows.Data.CollectionView.OnCollectionChanged(NotifyCollectionChangedEventArgs args)
   bei System.Windows.WeakEventManager.ListenerList`1.DeliverEvent(Object sender, EventArgs e, Type managerType)
   bei System.Windows.WeakEventManager.DeliverEvent(Object sender, EventArgs args)
   bei System.Windows.Data.CollectionView.OnCollectionChanged(NotifyCollectionChangedEventArgs args)
   bei MS.Internal.Controls.InnerItemCollectionView.RefreshOverride()
   bei System.Windows.Data.CollectionView.RefreshInternal()
   bei MS.Internal.Controls.InnerItemCollectionView.Clear()
   bei System.Windows.Controls.ItemCollection.Clear()
   bei UPS.MainWindow.tasks_Click(Object sender, RoutedEventArgs e) in C:\Users\A4938.PAD01\Documents\Visual Studio 2010\Projects\ProjectSuiteApp\UPS\MainWindow.xaml.cs:Zeile 251.
   bei System.Windows.EventRoute.InvokeHandlersImpl(Object source, RoutedEventArgs args, Boolean reRaised)
   bei System.Windows.UIElement.RaiseEventImpl(DependencyObject sender, RoutedEventArgs args)
   bei System.Windows.Controls.Primitives.ButtonBase.OnClick()
   bei System.Windows.Controls.Button.OnClick()
   bei System.Windows.Controls.Primitives.ButtonBase.OnMouseLeftButtonUp(MouseButtonEventArgs e)
   bei System.Windows.RoutedEventArgs.InvokeHandler(Delegate handler, Object target)
   bei System.Windows.RoutedEventHandlerInfo.InvokeHandler(Object target, RoutedEventArgs routedEventArgs)
   bei System.Windows.EventRoute.InvokeHandlersImpl(Object source, RoutedEventArgs args, Boolean reRaised)
   bei System.Windows.UIElement.ReRaiseEventAs(DependencyObject sender, RoutedEventArgs args, RoutedEvent newEvent)
   bei System.Windows.UIElement.OnMouseUpThunk(Object sender, MouseButtonEventArgs e)
   bei System.Windows.RoutedEventArgs.InvokeHandler(Delegate handler, Object target)
   bei System.Windows.RoutedEventHandlerInfo.InvokeHandler(Object target, RoutedEventArgs routedEventArgs)
   bei System.Windows.EventRoute.InvokeHandlersImpl(Object source, RoutedEventArgs args, Boolean reRaised)
   bei System.Windows.UIElement.RaiseEventImpl(DependencyObject sender, RoutedEventArgs args)
   bei System.Windows.UIElement.RaiseTrustedEvent(RoutedEventArgs args)
   bei System.Windows.Input.InputManager.ProcessStagingArea()
   bei System.Windows.Input.InputManager.ProcessInput(InputEventArgs input)
   bei System.Windows.Input.InputProviderSite.ReportInput(InputReport inputReport)
   bei System.Windows.Interop.HwndMouseInputProvider.ReportInput(IntPtr hwnd, InputMode mode, Int32 timestamp, RawMouseActions actions, Int32 x, Int32 y, Int32 wheel)
   bei System.Windows.Interop.HwndMouseInputProvider.FilterMessage(IntPtr hwnd, WindowMessage msg, IntPtr wParam, IntPtr lParam, Boolean& handled)
   bei System.Windows.Interop.HwndSource.InputFilterMessage(IntPtr hwnd, Int32 msg, IntPtr wParam, IntPtr lParam, Boolean& handled)
   bei MS.Win32.HwndWrapper.WndProc(IntPtr hwnd, Int32 msg, IntPtr wParam, IntPtr lParam, Boolean& handled)
   bei MS.Win32.HwndSubclass.DispatcherCallbackOperation(Object o)
   bei System.Windows.Threading.ExceptionWrapper.InternalRealCall(Delegate callback, Object args, Int32 numArgs)
   bei System.Windows.Threading.ExceptionWrapper.TryCatchWhen(Object source, Delegate callback, Object args, Int32 numArgs, Delegate catchHandler)
19.11.2019 13:00:39 Der Objektverweis wurde nicht auf eine Objektinstanz festgelegt.
19.11.2019 13:00:39    bei UPS.MainWindow.comboBoxTasks_SelectionChanged(Object sender, SelectionChangedEventArgs e) in C:\Users\A4938.PAD01\Documents\Visual Studio 2010\Projects\ProjectSuiteApp\UPS\MainWindow.xaml.cs:Zeile 380.
   bei System.Windows.RoutedEventArgs.InvokeHandler(Delegate handler, Object target)
   bei System.Windows.RoutedEventHandlerInfo.InvokeHandler(Object target, RoutedEventArgs routedEventArgs)
   bei System.Windows.EventRoute.InvokeHandlersImpl(Object source, RoutedEventArgs args, Boolean reRaised)
   bei System.Windows.UIElement.RaiseEventImpl(DependencyObject sender, RoutedEventArgs args)
   bei System.Windows.Controls.ComboBox.OnSelectionChanged(SelectionChangedEventArgs e)
   bei System.Windows.Controls.Primitives.Selector.SelectionChanger.End()
   bei System.Windows.Controls.Primitives.Selector.OnItemsChanged(NotifyCollectionChangedEventArgs e)
   bei System.Collections.Specialized.NotifyCollectionChangedEventHandler.Invoke(Object sender, NotifyCollectionChangedEventArgs e)
   bei System.Windows.Data.CollectionView.OnCollectionChanged(NotifyCollectionChangedEventArgs args)
   bei System.Windows.WeakEventManager.ListenerList`1.DeliverEvent(Object sender, EventArgs e, Type managerType)
   bei System.Windows.WeakEventManager.DeliverEvent(Object sender, EventArgs args)
   bei System.Windows.Data.CollectionView.OnCollectionChanged(NotifyCollectionChangedEventArgs args)
   bei MS.Internal.Controls.InnerItemCollectionView.RefreshOverride()
   bei System.Windows.Data.CollectionView.RefreshInternal()
   bei MS.Internal.Controls.InnerItemCollectionView.Clear()
   bei System.Windows.Controls.ItemCollection.Clear()
   bei UPS.MainWindow.tasks_Click(Object sender, RoutedEventArgs e) in C:\Users\A4938.PAD01\Documents\Visual Studio 2010\Projects\ProjectSuiteApp\UPS\MainWindow.xaml.cs:Zeile 251.
   bei System.Windows.EventRoute.InvokeHandlersImpl(Object source, RoutedEventArgs args, Boolean reRaised)
   bei System.Windows.UIElement.RaiseEventImpl(DependencyObject sender, RoutedEventArgs args)
   bei System.Windows.Controls.Primitives.ButtonBase.OnClick()
   bei System.Windows.Controls.Button.OnClick()
   bei System.Windows.Controls.Primitives.ButtonBase.OnMouseLeftButtonUp(MouseButtonEventArgs e)
   bei System.Windows.RoutedEventArgs.InvokeHandler(Delegate handler, Object target)
   bei System.Windows.RoutedEventHandlerInfo.InvokeHandler(Object target, RoutedEventArgs routedEventArgs)
   bei System.Windows.EventRoute.InvokeHandlersImpl(Object source, RoutedEventArgs args, Boolean reRaised)
   bei System.Windows.UIElement.ReRaiseEventAs(DependencyObject sender, RoutedEventArgs args, RoutedEvent newEvent)
   bei System.Windows.UIElement.OnMouseUpThunk(Object sender, MouseButtonEventArgs e)
   bei System.Windows.RoutedEventArgs.InvokeHandler(Delegate handler, Object target)
   bei System.Windows.RoutedEventHandlerInfo.InvokeHandler(Object target, RoutedEventArgs routedEventArgs)
   bei System.Windows.EventRoute.InvokeHandlersImpl(Object source, RoutedEventArgs args, Boolean reRaised)
   bei System.Windows.UIElement.RaiseEventImpl(DependencyObject sender, RoutedEventArgs args)
   bei System.Windows.UIElement.RaiseTrustedEvent(RoutedEventArgs args)
   bei System.Windows.Input.InputManager.ProcessStagingArea()
   bei System.Windows.Input.InputManager.ProcessInput(InputEventArgs input)
   bei System.Windows.Input.InputProviderSite.ReportInput(InputReport inputReport)
   bei System.Windows.Interop.HwndMouseInputProvider.ReportInput(IntPtr hwnd, InputMode mode, Int32 timestamp, RawMouseActions actions, Int32 x, Int32 y, Int32 wheel)
   bei System.Windows.Interop.HwndMouseInputProvider.FilterMessage(IntPtr hwnd, WindowMessage msg, IntPtr wParam, IntPtr lParam, Boolean& handled)
   bei System.Windows.Interop.HwndSource.InputFilterMessage(IntPtr hwnd, Int32 msg, IntPtr wParam, IntPtr lParam, Boolean& handled)
   bei MS.Win32.HwndWrapper.WndProc(IntPtr hwnd, Int32 msg, IntPtr wParam, IntPtr lParam, Boolean& handled)
   bei MS.Win32.HwndSubclass.DispatcherCallbackOperation(Object o)
   bei System.Windows.Threading.ExceptionWrapper.InternalRealCall(Delegate callback, Object args, Int32 numArgs)
   bei System.Windows.Threading.ExceptionWrapper.TryCatchWhen(Object source, Delegate callback, Object args, Int32 numArgs, Delegate catchHandler)
